Removed Pin From Net: NetName=GND Pin=C1-1
Removed Pin From Net: NetName=GND Pin=C2-1
Removed Pin From Net: NetName=GND Pin=C3-1
Removed Pin From Net: NetName=GND Pin=C4-1
Removed Pin From Net: NetName=GND Pin=C5-1
Removed Pin From Net: NetName=GND Pin=C6-1
Removed Pin From Net: NetName=GND Pin=C7-1
Removed Pin From Net: NetName=GND Pin=C18-1
Removed Pin From Net: NetName=GND Pin=C19-1
Removed Pin From Net: NetName=GND Pin=D1-1
Removed Pin From Net: NetName=GND Pin=D2-1
Removed Pin From Net: NetName=GND Pin=U1-8
Removed Pin From Net: NetName=GND Pin=U1-23
Removed Pin From Net: NetName=GND Pin=U1-35
Removed Pin From Net: NetName=GND Pin=U1-44
Removed Pin From Net: NetName=GND Pin=U1-47
Removed Pin From Net: NetName=GND Pin=U3-1
Removed Pin From Net: NetName=GND Pin=VD1-2
Removed Pin From Net: NetName=GND Pin=XP1-4
Removed Pin From Net: NetName=GND Pin=XS1-4
Removed Pin From Net: NetName=GND Pin=XS1-SH
Removed Pin From Net: NetName=GND Pin=XS1-SH
Removed Pin From Net: NetName=GND Pin=XS2-2
Removed Pin From Net: NetName=GND Pin=XS3-4
Removed Pin From Net: NetName=GND Pin=XS4-4
Added Component: Designator=C?(Normal_Capacitor_Standard_0805-L2000-W1250-BW500-H1350)
Add component (AddParameter): Name = "Manufacturer"; Value = "SAMSUNG ELECTRO-MECHANICS"; VariantName = "[No Variations]"
Add component (AddParameter): Name = "Value"; Value = "100N/X7R/50V/±20%"; VariantName = "[No Variations]"
Added Component: Designator=U?(8-SOIC)
Add component (AddParameter): Name = "Manufacturer"; Value = ""; VariantName = "[No Variations]"
Added Component: Designator=XS?(DS1066-04MVW6X)
Add component (AddParameter): Name = "Manufacturer"; Value = "CONNFLY ELECTRONIC CO.,LTD."; VariantName = "[No Variations]"
Added Pin To Net: NetName=GND Pin=C?-1
Added Pin To Net: NetName=GND Pin=U?-4
Added Pin To Net: NetName=GND Pin=U?-8
Added Pin To Net: NetName=GND Pin=XS?-4
Added Pin To Net: NetName=NetU?_6 Pin=U?-6
Added Pin To Net: NetName=NetU?_6 Pin=XS?-3
Added Net: Name=NetU?_6
Added Pin To Net: NetName=NetU?_7 Pin=U?-7
Added Pin To Net: NetName=NetU?_7 Pin=XS?-2
Added Net: Name=NetU?_7
Added Pin To Net: NetName=P3V3 Pin=C?-2
Added Pin To Net: NetName=P3V3 Pin=U?-1
Added Pin To Net: NetName=P3V3 Pin=U?-2
Added Pin To Net: NetName=P3V3 Pin=XS?-1
Added Net: Name=P3V3
Added Class: Name=Main
